n:\uni\c++\coursework\coursework\debug\vc141.pdb
n:\uni\c++\coursework\coursework\debug\vc141.idb
n:\uni\c++\coursework\coursework\debug\csdl2wndmanager.obj
n:\uni\c++\coursework\coursework\debug\cbkground.obj
n:\uni\c++\coursework\coursework\debug\cgame.obj
n:\uni\c++\coursework\coursework\debug\csprite.obj
n:\uni\c++\coursework\coursework\debug\ctexture.obj
n:\uni\c++\coursework\coursework\debug\ctexturemgr.obj
n:\uni\c++\coursework\coursework\debug\ctilemap.obj
n:\uni\c++\coursework\coursework\debug\ctreepicker.obj
n:\uni\c++\coursework\coursework\debug\treeplantersdl.obj
n:\uni\c++\coursework\coursework\debug\level.obj
n:\uni\c++\coursework\coursework\debug\player.obj
n:\uni\c++\coursework\coursework\debug\control.obj
n:\uni\c++\coursework\coursework\debug\keyarray.obj
n:\uni\c++\coursework\coursework\debug\tile.obj
n:\uni\c++\coursework\coursework\debug\scenemanager.obj
n:\uni\c++\coursework\coursework\debug\scene.obj
n:\uni\c++\coursework\coursework\debug\button.obj
n:\uni\c++\coursework\coursework\debug\projectile.obj
n:\uni\c++\coursework\coursework\debug\cfont.obj
n:\uni\c++\coursework\coursework\debug\cfontmgr.obj
n:\uni\c++\coursework\coursework\debug\csound.obj
n:\uni\c++\coursework\coursework\debug\csoundmgr.obj
n:\uni\c++\coursework\debug\coursework.exe
n:\uni\c++\coursework\debug\coursework.ilk
n:\uni\c++\coursework\debug\coursework.pdb
n:\uni\c++\coursework\coursework\debug\cgame.obj.enc
n:\uni\c++\coursework\coursework\debug\scenemanager.obj.enc
n:\uni\c++\coursework\coursework\debug\coursework.tlog\cl.command.1.tlog
n:\uni\c++\coursework\coursework\debug\coursework.tlog\cl.read.1.tlog
n:\uni\c++\coursework\coursework\debug\coursework.tlog\cl.write.1.tlog
n:\uni\c++\coursework\coursework\debug\coursework.tlog\link-cvtres.read.1.tlog
n:\uni\c++\coursework\coursework\debug\coursework.tlog\link-cvtres.write.1.tlog
n:\uni\c++\coursework\coursework\debug\coursework.tlog\link-rc.read.1.tlog
n:\uni\c++\coursework\coursework\debug\coursework.tlog\link-rc.write.1.tlog
n:\uni\c++\coursework\coursework\debug\coursework.tlog\link.13972-cvtres.read.1.tlog
n:\uni\c++\coursework\coursework\debug\coursework.tlog\link.13972-cvtres.write.1.tlog
n:\uni\c++\coursework\coursework\debug\coursework.tlog\link.13972-rc.read.1.tlog
n:\uni\c++\coursework\coursework\debug\coursework.tlog\link.13972-rc.write.1.tlog
n:\uni\c++\coursework\coursework\debug\coursework.tlog\link.13972.read.1.tlog
n:\uni\c++\coursework\coursework\debug\coursework.tlog\link.13972.write.1.tlog
n:\uni\c++\coursework\coursework\debug\coursework.tlog\link.command.1.tlog
n:\uni\c++\coursework\coursework\debug\coursework.tlog\link.read.1.tlog
n:\uni\c++\coursework\coursework\debug\coursework.tlog\link.write.1.tlog
