  SceneManager.cpp
  Generating code
  3 of 1094 functions ( 0.3%) were compiled, the rest were copied from previous compilation.
    0 functions were new in current compilation
    41 functions had inline decision re-evaluated but remain unchanged
  Finished generating code
  Coursework.vcxproj -> N:\Uni\C++\Coursework\Release\Coursework.exe
  copying SDL2.dll to debug directory
  N:\Uni\C++\Coursework\SDL2\SDL2-2.0.4\lib\x86\SDL2.dll
  1 File(s) copied
  N:\Uni\C++\Coursework\SDL2\SDL2_image-2.0.1\lib\x86\libjpeg-9.dll
  N:\Uni\C++\Coursework\SDL2\SDL2_image-2.0.1\lib\x86\libpng16-16.dll
  N:\Uni\C++\Coursework\SDL2\SDL2_image-2.0.1\lib\x86\libtiff-5.dll
  N:\Uni\C++\Coursework\SDL2\SDL2_image-2.0.1\lib\x86\libwebp-4.dll
  N:\Uni\C++\Coursework\SDL2\SDL2_image-2.0.1\lib\x86\SDL2_image.dll
  N:\Uni\C++\Coursework\SDL2\SDL2_image-2.0.1\lib\x86\zlib1.dll
  6 File(s) copied
  N:\Uni\C++\Coursework\SDL2\SDL2_ttf-2.0.14\lib\x86\libfreetype-6.dll
  N:\Uni\C++\Coursework\SDL2\SDL2_ttf-2.0.14\lib\x86\SDL2_ttf.dll
  N:\Uni\C++\Coursework\SDL2\SDL2_ttf-2.0.14\lib\x86\zlib1.dll
  3 File(s) copied
  N:\Uni\C++\Coursework\SDL2\SDL2_mixer-2.0.1\lib\x86\libFLAC-8.dll
  N:\Uni\C++\Coursework\SDL2\SDL2_mixer-2.0.1\lib\x86\libmodplug-1.dll
  N:\Uni\C++\Coursework\SDL2\SDL2_mixer-2.0.1\lib\x86\libogg-0.dll
  N:\Uni\C++\Coursework\SDL2\SDL2_mixer-2.0.1\lib\x86\libvorbis-0.dll
  N:\Uni\C++\Coursework\SDL2\SDL2_mixer-2.0.1\lib\x86\libvorbisfile-3.dll
  N:\Uni\C++\Coursework\SDL2\SDL2_mixer-2.0.1\lib\x86\SDL2_mixer.dll
  N:\Uni\C++\Coursework\SDL2\SDL2_mixer-2.0.1\lib\x86\smpeg2.dll
  7 File(s) copied
  copying fullscreen.ini to debug directory
  N:\Uni\C++\Coursework\Coursework\Resources\fullscreen.ini
  1 File(s) copied
